This is pdfTeX, Version 3.14159265-2.6-1.40.16 (TeX Live 2015) (preloaded format=pdflatex 2016.3.7)  20 MAR 2016 18:58
entering extended mode
 restricted \write18 enabled.
 file:line:error style messages enabled.
 %&-line parsing enabled.
**plasma-report.tex
(./plasma-report.tex
LaTeX2e <2015/01/01>
Babel <3.9l> and hyphenation patterns for 79 languages loaded.
(/usr/local/texlive/2015/texmf-dist/tex/latex/base/article.cls
Document Class: article 2014/09/29 v1.4h Standard LaTeX document class
(/usr/local/texlive/2015/texmf-dist/tex/latex/base/size11.clo
File: size11.clo 2014/09/29 v1.4h Standard LaTeX file (size option)
)
\c@part=\count79
\c@section=\count80
\c@subsection=\count81
\c@subsubsection=\count82
\c@paragraph=\count83
\c@subparagraph=\count84
\c@figure=\count85
\c@table=\count86
\abovecaptionskip=\skip41
\belowcaptionskip=\skip42
\bibindent=\dimen102
)
(/usr/local/texlive/2015/texmf-dist/tex/latex/geometry/geometry.sty
Package: geometry 2010/09/12 v5.6 Page Geometry

(/usr/local/texlive/2015/texmf-dist/tex/latex/graphics/keyval.sty
Package: keyval 2014/10/28 v1.15 key=value parser (DPC)
\KV@toks@=\toks14
)
(/usr/local/texlive/2015/texmf-dist/tex/generic/oberdiek/ifpdf.sty
Package: ifpdf 2011/01/30 v2.3 Provides the ifpdf switch (HO)
Package ifpdf Info: pdfTeX in PDF mode is detected.
)
(/usr/local/texlive/2015/texmf-dist/tex/generic/oberdiek/ifvtex.sty
Package: ifvtex 2010/03/01 v1.5 Detect VTeX and its facilities (HO)
Package ifvtex Info: VTeX not detected.
)
(/usr/local/texlive/2015/texmf-dist/tex/generic/ifxetex/ifxetex.sty
Package: ifxetex 2010/09/12 v0.6 Provides ifxetex conditional
)
\Gm@cnth=\count87
\Gm@cntv=\count88
\c@Gm@tempcnt=\count89
\Gm@bindingoffset=\dimen103
\Gm@wd@mp=\dimen104
\Gm@odd@mp=\dimen105
\Gm@even@mp=\dimen106
\Gm@layoutwidth=\dimen107
\Gm@layoutheight=\dimen108
\Gm@layouthoffset=\dimen109
\Gm@layoutvoffset=\dimen110
\Gm@dimlist=\toks15
)
(/usr/local/texlive/2015/texmf-dist/tex/latex/parskip/parskip.sty
Package: parskip 2001/04/09 non-zero parskip adjustments
)
(/usr/local/texlive/2015/texmf-dist/tex/latex/graphics/graphicx.sty
Package: graphicx 2014/10/28 v1.0g Enhanced LaTeX Graphics (DPC,SPQR)

(/usr/local/texlive/2015/texmf-dist/tex/latex/graphics/graphics.sty
Package: graphics 2014/10/28 v1.0p Standard LaTeX Graphics (DPC,SPQR)

(/usr/local/texlive/2015/texmf-dist/tex/latex/graphics/trig.sty
Package: trig 1999/03/16 v1.09 sin cos tan (DPC)
)
(/usr/local/texlive/2015/texmf-dist/tex/latex/latexconfig/graphics.cfg
File: graphics.cfg 2010/04/23 v1.9 graphics configuration of TeX Live
)
Package graphics Info: Driver file: pdftex.def on input line 94.

(/usr/local/texlive/2015/texmf-dist/tex/latex/pdftex-def/pdftex.def
File: pdftex.def 2011/05/27 v0.06d Graphics/color for pdfTeX

(/usr/local/texlive/2015/texmf-dist/tex/generic/oberdiek/infwarerr.sty
Package: infwarerr 2010/04/08 v1.3 Providing info/warning/error messages (HO)
)
(/usr/local/texlive/2015/texmf-dist/tex/generic/oberdiek/ltxcmds.sty
Package: ltxcmds 2011/11/09 v1.22 LaTeX kernel commands for general use (HO)
)
\Gread@gobject=\count90
))
\Gin@req@height=\dimen111
\Gin@req@width=\dimen112
)
(/usr/local/texlive/2015/texmf-dist/tex/latex/caption/caption.sty
Package: caption 2013/05/02 v3.3-89 Customizing captions (AR)

(/usr/local/texlive/2015/texmf-dist/tex/latex/caption/caption3.sty
Package: caption3 2013/05/02 v1.6-88 caption3 kernel (AR)
Package caption3 Info: TeX engine: e-TeX on input line 57.
\captionmargin=\dimen113
\captionmargin@=\dimen114
\captionwidth=\dimen115
\caption@tempdima=\dimen116
\caption@indent=\dimen117
\caption@parindent=\dimen118
\caption@hangindent=\dimen119
)
\c@ContinuedFloat=\count91
)
(/usr/local/texlive/2015/texmf-dist/tex/latex/caption/subcaption.sty
Package: subcaption 2013/02/03 v1.1-62 Sub-captions (AR)
\c@subfigure=\count92
\c@subtable=\count93
)
(/usr/local/texlive/2015/texmf-dist/tex/latex/amsfonts/amssymb.sty
Package: amssymb 2013/01/14 v3.01 AMS font symbols

(/usr/local/texlive/2015/texmf-dist/tex/latex/amsfonts/amsfonts.sty
Package: amsfonts 2013/01/14 v3.01 Basic AMSFonts support
\@emptytoks=\toks16
\symAMSa=\mathgroup4
\symAMSb=\mathgroup5
LaTeX Font Info:    Overwriting math alphabet `\mathfrak' in version `bold'
(Font)                  U/euf/m/n --> U/euf/b/n on input line 106.
))
(/usr/local/texlive/2015/texmf-dist/tex/latex/amsmath/amsmath.sty
Package: amsmath 2013/01/14 v2.14 AMS math features
\@mathmargin=\skip43

For additional information on amsmath, use the `?' option.
(/usr/local/texlive/2015/texmf-dist/tex/latex/amsmath/amstext.sty
Package: amstext 2000/06/29 v2.01

(/usr/local/texlive/2015/texmf-dist/tex/latex/amsmath/amsgen.sty
File: amsgen.sty 1999/11/30 v2.0
\@emptytoks=\toks17
\ex@=\dimen120
))
(/usr/local/texlive/2015/texmf-dist/tex/latex/amsmath/amsbsy.sty
Package: amsbsy 1999/11/29 v1.2d
\pmbraise@=\dimen121
)
(/usr/local/texlive/2015/texmf-dist/tex/latex/amsmath/amsopn.sty
Package: amsopn 1999/12/14 v2.01 operator names
)
\inf@bad=\count94
LaTeX Info: Redefining \frac on input line 210.
\uproot@=\count95
\leftroot@=\count96
LaTeX Info: Redefining \overline on input line 306.
\classnum@=\count97
\DOTSCASE@=\count98
LaTeX Info: Redefining \ldots on input line 378.
LaTeX Info: Redefining \dots on input line 381.
LaTeX Info: Redefining \cdots on input line 466.
\Mathstrutbox@=\box26
\strutbox@=\box27
\big@size=\dimen122
LaTeX Font Info:    Redeclaring font encoding OML on input line 566.
LaTeX Font Info:    Redeclaring font encoding OMS on input line 567.
\macc@depth=\count99
\c@MaxMatrixCols=\count100
\dotsspace@=\muskip10
\c@parentequation=\count101
\dspbrk@lvl=\count102
\tag@help=\toks18
\row@=\count103
\column@=\count104
\maxfields@=\count105
\andhelp@=\toks19
\eqnshift@=\dimen123
\alignsep@=\dimen124
\tagshift@=\dimen125
\tagwidth@=\dimen126
\totwidth@=\dimen127
\lineht@=\dimen128
\@envbody=\toks20
\multlinegap=\skip44
\multlinetaggap=\skip45
\mathdisplay@stack=\toks21
LaTeX Info: Redefining \[ on input line 2665.
LaTeX Info: Redefining \] on input line 2666.
)
(./plasma-report.aux)
\openout1 = `plasma-report.aux'.

LaTeX Font Info:    Checking defaults for OML/cmm/m/it on input line 22.
LaTeX Font Info:    ... okay on input line 22.
LaTeX Font Info:    Checking defaults for T1/cmr/m/n on input line 22.
LaTeX Font Info:    ... okay on input line 22.
LaTeX Font Info:    Checking defaults for OT1/cmr/m/n on input line 22.
LaTeX Font Info:    ... okay on input line 22.
LaTeX Font Info:    Checking defaults for OMS/cmsy/m/n on input line 22.
LaTeX Font Info:    ... okay on input line 22.
LaTeX Font Info:    Checking defaults for OMX/cmex/m/n on input line 22.
LaTeX Font Info:    ... okay on input line 22.
LaTeX Font Info:    Checking defaults for U/cmr/m/n on input line 22.
LaTeX Font Info:    ... okay on input line 22.

*geometry* driver: auto-detecting
*geometry* detected driver: pdftex
*geometry* verbose mode - [ preamble ] result:
* driver: pdftex
* paper: letterpaper
* layout: <same size as paper>
* layoutoffset:(h,v)=(0.0pt,0.0pt)
* modes: 
* h-part:(L,W,R)=(92.14519pt, 430.00462pt, 92.14519pt)
* v-part:(T,H,B)=(95.39737pt, 556.47656pt, 143.09605pt)
* \paperwidth=614.295pt
* \paperheight=794.96999pt
* \textwidth=430.00462pt
* \textheight=556.47656pt
* \oddsidemargin=19.8752pt
* \evensidemargin=19.8752pt
* \topmargin=-13.87262pt
* \headheight=12.0pt
* \headsep=25.0pt
* \topskip=11.0pt
* \footskip=30.0pt
* \marginparwidth=59.0pt
* \marginparsep=10.0pt
* \columnsep=10.0pt
* \skip\footins=10.0pt plus 4.0pt minus 2.0pt
* \hoffset=0.0pt
* \voffset=0.0pt
* \mag=1000
* \@twocolumnfalse
* \@twosidefalse
* \@mparswitchfalse
* \@reversemarginfalse
* (1in=72.27pt=25.4mm, 1cm=28.453pt)

(/usr/local/texlive/2015/texmf-dist/tex/context/base/supp-pdf.mkii
[Loading MPS to PDF converter (version 2006.09.02).]
\scratchcounter=\count106
\scratchdimen=\dimen129
\scratchbox=\box28
\nofMPsegments=\count107
\nofMParguments=\count108
\everyMPshowfont=\toks22
\MPscratchCnt=\count109
\MPscratchDim=\dimen130
\MPnumerator=\count110
\makeMPintoPDFobject=\count111
\everyMPtoPDFconversion=\toks23
) (/usr/local/texlive/2015/texmf-dist/tex/generic/oberdiek/pdftexcmds.sty
Package: pdftexcmds 2011/11/29 v0.20 Utility functions of pdfTeX for LuaTeX (HO
)

(/usr/local/texlive/2015/texmf-dist/tex/generic/oberdiek/ifluatex.sty
Package: ifluatex 2010/03/01 v1.3 Provides the ifluatex switch (HO)
Package ifluatex Info: LuaTeX not detected.
)
Package pdftexcmds Info: LuaTeX not detected.
Package pdftexcmds Info: \pdf@primitive is available.
Package pdftexcmds Info: \pdf@ifprimitive is available.
Package pdftexcmds Info: \pdfdraftmode found.
)
(/usr/local/texlive/2015/texmf-dist/tex/latex/oberdiek/epstopdf-base.sty
Package: epstopdf-base 2010/02/09 v2.5 Base part for package epstopdf

(/usr/local/texlive/2015/texmf-dist/tex/latex/oberdiek/grfext.sty
Package: grfext 2010/08/19 v1.1 Manage graphics extensions (HO)

(/usr/local/texlive/2015/texmf-dist/tex/generic/oberdiek/kvdefinekeys.sty
Package: kvdefinekeys 2011/04/07 v1.3 Define keys (HO)
))
(/usr/local/texlive/2015/texmf-dist/tex/latex/oberdiek/kvoptions.sty
Package: kvoptions 2011/06/30 v3.11 Key value format for package options (HO)

(/usr/local/texlive/2015/texmf-dist/tex/generic/oberdiek/kvsetkeys.sty
Package: kvsetkeys 2012/04/25 v1.16 Key value parser (HO)

(/usr/local/texlive/2015/texmf-dist/tex/generic/oberdiek/etexcmds.sty
Package: etexcmds 2011/02/16 v1.5 Avoid name clashes with e-TeX commands (HO)
Package etexcmds Info: Could not find \expanded.
(etexcmds)             That can mean that you are not using pdfTeX 1.50 or
(etexcmds)             that some package has redefined \expanded.
(etexcmds)             In the latter case, load this package earlier.
)))
Package grfext Info: Graphics extension search list:
(grfext)             [.png,.pdf,.jpg,.mps,.jpeg,.jbig2,.jb2,.PNG,.PDF,.JPG,.JPE
G,.JBIG2,.JB2,.eps]
(grfext)             \AppendGraphicsExtensions on input line 452.

(/usr/local/texlive/2015/texmf-dist/tex/latex/latexconfig/epstopdf-sys.cfg
File: epstopdf-sys.cfg 2010/07/13 v1.3 Configuration of (r)epstopdf for TeX Liv
e
))
Package caption Info: Begin \AtBeginDocument code.
Package caption Info: End \AtBeginDocument code.
LaTeX Font Info:    Try loading font information for U+msa on input line 23.

(/usr/local/texlive/2015/texmf-dist/tex/latex/amsfonts/umsa.fd
File: umsa.fd 2013/01/14 v3.01 AMS symbols A
)
LaTeX Font Info:    Try loading font information for U+msb on input line 23.

(/usr/local/texlive/2015/texmf-dist/tex/latex/amsfonts/umsb.fd
File: umsb.fd 2013/01/14 v3.01 AMS symbols B
) [1

{/usr/local/texlive/2015/texmf-var/fonts/map/pdftex/updmap/pdftex.map}] [2]
<Figures/EEDF.png, id=14, 449.0376pt x 321.3606pt>
File: Figures/EEDF.png Graphic file (type png)
 <use Figures/EEDF.png>
Package pdftex.def Info: Figures/EEDF.png used on input line 89.
(pdftex.def)             Requested size: 301.00192pt x 215.41835pt.
LaTeX Font Info:    Try loading font information for OMS+cmr on input line 96.

(/usr/local/texlive/2015/texmf-dist/tex/latex/base/omscmr.fd
File: omscmr.fd 2014/09/29 v2.5h Standard LaTeX font definitions
)
LaTeX Font Info:    Font shape `OMS/cmr/m/n' in size <10.95> not available
(Font)              Font shape `OMS/cmsy/m/n' tried instead on input line 96.
 [3] [4 <./Figures/EEDF.png>]
Overfull \hbox (2.33727pt too wide) in paragraph at lines 123--127
[]$\OMS/cmsy/m/n/10.95 ^^A$\OT1/cmr/m/n/10.95 OH is the most re-ac-tive oxy-gen
 rad-i-cal known and re-acts very rapidly with nearby molecules
 []

[5] [6] <Figures/PlasmafromApiwat.png, id=35, 788.9475pt x 376.40625pt>
File: Figures/PlasmafromApiwat.png Graphic file (type png)

<use Figures/PlasmafromApiwat.png>
Package pdftex.def Info: Figures/PlasmafromApiwat.png used on input line 169.
(pdftex.def)             Requested size: 430.00462pt x 205.15169pt.
 [7 <./Figures/PlasmafromApiwat.png>]
<Figures/OutputDial.png, id=41, 661.9932pt x 496.7358pt>
File: Figures/OutputDial.png Graphic file (type png)

<use Figures/OutputDial.png>
Package pdftex.def Info: Figures/OutputDial.png used on input line 218.
(pdftex.def)             Requested size: 171.99922pt x 129.0573pt.
Package epstopdf Info: Source file: <Figures/ActualPowerBig.eps>
(epstopdf)                    date: 2016-03-18 15:49:31
(epstopdf)                    size: 16446 bytes
(epstopdf)             Output file: <Figures/ActualPowerBig-eps-converted-to.pd
f>
(epstopdf)                    date: 2016-03-18 15:50:56
(epstopdf)                    size: 7319 bytes
(epstopdf)             Command: <repstopdf --outfile=Figures/ActualPowerBig-eps
-converted-to.pdf Figures/ActualPowerBig.eps>
(epstopdf)             \includegraphics on input line 225.
Package epstopdf Info: Output file is already uptodate.

<Figures/ActualPowerBig-eps-converted-to.pdf, id=42, 803.0pt x 354.32375pt>
File: Figures/ActualPowerBig-eps-converted-to.pdf Graphic file (type pdf)

<use Figures/ActualPowerBig-eps-converted-to.pdf>
Package pdftex.def Info: Figures/ActualPowerBig-eps-converted-to.pdf used on in
put line 225.
(pdftex.def)             Requested size: 430.00462pt x 189.74245pt.
 [8] [9 <./Figures/OutputDial.png> <./Figures/ActualPowerBig-eps-converted-to.p
df>]
<Figures/SetupfromApiwat.png, id=56, 722.7pt x 443.256pt>
File: Figures/SetupfromApiwat.png Graphic file (type png)

<use Figures/SetupfromApiwat.png>
Package pdftex.def Info: Figures/SetupfromApiwat.png used on input line 265.
(pdftex.def)             Requested size: 430.00462pt x 263.73721pt.
 [10] [11 <./Figures/SetupfromApiwat.png>]
<Figures/Ipl.pdf, id=64, 656.4525pt x 255.95625pt>
File: Figures/Ipl.pdf Graphic file (type pdf)
 <use Figures/Ipl.pdf>
Package pdftex.def Info: Figures/Ipl.pdf used on input line 281.
(pdftex.def)             Requested size: 193.50076pt x 75.44785pt.

<Figures/Ip.pdf, id=65, 656.4525pt x 255.95625pt>
File: Figures/Ip.pdf Graphic file (type pdf)
 <use Figures/Ip.pdf>
Package pdftex.def Info: Figures/Ip.pdf used on input line 287.
(pdftex.def)             Requested size: 193.50076pt x 75.44785pt.

<Figures/Il.pdf, id=66, 656.4525pt x 255.95625pt>
File: Figures/Il.pdf Graphic file (type pdf)
 <use Figures/Il.pdf>
Package pdftex.def Info: Figures/Il.pdf used on input line 293.
(pdftex.def)             Requested size: 193.50076pt x 75.44785pt.

<Figures/Ibg.pdf, id=67, 656.4525pt x 255.95625pt>
File: Figures/Ibg.pdf Graphic file (type pdf)
 <use Figures/Ibg.pdf>
Package pdftex.def Info: Figures/Ibg.pdf used on input line 299.
(pdftex.def)             Requested size: 193.50076pt x 75.44785pt.

[12 <./Figures/Ipl.pdf> <./Figures/Ip.pdf> <./Figures/Il.pdf> <./Figures/Ibg.pd
f>] <Figures/SpectrumFitting.png, id=762, 670.6656pt x 225.9642pt>
File: Figures/SpectrumFitting.png Graphic file (type png)

<use Figures/SpectrumFitting.png>
Package pdftex.def Info: Figures/SpectrumFitting.png used on input line 330.
(pdftex.def)             Requested size: 430.00462pt x 144.87863pt.
 [13 <./Figures/SpectrumFitting.png>]
Package epstopdf Info: Source file: <Figures/WaterContentBig.eps>
(epstopdf)                    date: 2016-03-18 20:58:35
(epstopdf)                    size: 15931 bytes
(epstopdf)             Output file: <Figures/WaterContentBig-eps-converted-to.p
df>
(epstopdf)                    date: 2016-03-18 20:58:47
(epstopdf)                    size: 7645 bytes
(epstopdf)             Command: <repstopdf --outfile=Figures/WaterContentBig-ep
s-converted-to.pdf Figures/WaterContentBig.eps>
(epstopdf)             \includegraphics on input line 357.
Package epstopdf Info: Output file is already uptodate.

<Figures/WaterContentBig-eps-converted-to.pdf, id=769, 803.0pt x 354.32375pt>
File: Figures/WaterContentBig-eps-converted-to.pdf Graphic file (type pdf)

<use Figures/WaterContentBig-eps-converted-to.pdf>
Package pdftex.def Info: Figures/WaterContentBig-eps-converted-to.pdf used on i
nput line 357.
(pdftex.def)             Requested size: 430.00462pt x 189.74245pt.
 [14 <./Figures/WaterContentBig-eps-converted-to.pdf>]
Package epstopdf Info: Source file: <Figures/PowerVariationBig.eps>
(epstopdf)                    date: 2016-03-18 14:19:16
(epstopdf)                    size: 78272 bytes
(epstopdf)             Output file: <Figures/PowerVariationBig-eps-converted-to
.pdf>
(epstopdf)                    date: 2016-03-18 14:19:25
(epstopdf)                    size: 8729 bytes
(epstopdf)             Command: <repstopdf --outfile=Figures/PowerVariationBig-
eps-converted-to.pdf Figures/PowerVariationBig.eps>
(epstopdf)             \includegraphics on input line 390.
Package epstopdf Info: Output file is already uptodate.

<Figures/PowerVariationBig-eps-converted-to.pdf, id=778, 803.0pt x 353.32pt>
File: Figures/PowerVariationBig-eps-converted-to.pdf Graphic file (type pdf)

<use Figures/PowerVariationBig-eps-converted-to.pdf>
Package pdftex.def Info: Figures/PowerVariationBig-eps-converted-to.pdf used on
 input line 390.
(pdftex.def)             Requested size: 430.00462pt x 189.20494pt.
 [15 <./Figures/PowerVariationBig-eps-converted-to.pdf>]
Package epstopdf Info: Source file: <Figures/BubblerVariationBig.eps>
(epstopdf)                    date: 2016-03-18 14:49:47
(epstopdf)                    size: 84105 bytes
(epstopdf)             Output file: <Figures/BubblerVariationBig-eps-converted-
to.pdf>
(epstopdf)                    date: 2016-03-18 14:49:51
(epstopdf)                    size: 9481 bytes
(epstopdf)             Command: <repstopdf --outfile=Figures/BubblerVariationBi
g-eps-converted-to.pdf Figures/BubblerVariationBig.eps>
(epstopdf)             \includegraphics on input line 413.
Package epstopdf Info: Output file is already uptodate.

<Figures/BubblerVariationBig-eps-converted-to.pdf, id=791, 803.0pt x 440.64626p
t>
File: Figures/BubblerVariationBig-eps-converted-to.pdf Graphic file (type pdf)
 <use Figures/BubblerVariationBig-eps-converted-to.pdf>
Package pdftex.def Info: Figures/BubblerVariationBig-eps-converted-to.pdf used 
on input line 413.
(pdftex.def)             Requested size: 430.00462pt x 235.96866pt.
LaTeX Font Info:    Try loading font information for OML+cmr on input line 429.


(/usr/local/texlive/2015/texmf-dist/tex/latex/base/omlcmr.fd
File: omlcmr.fd 2014/09/29 v2.5h Standard LaTeX font definitions
)
LaTeX Font Info:    Font shape `OML/cmr/m/n' in size <10.95> not available
(Font)              Font shape `OML/cmm/m/it' tried instead on input line 429.
Package epstopdf Info: Source file: <Figures/BubblerDissociationBig.eps>
(epstopdf)                    date: 2016-03-18 15:01:31
(epstopdf)                    size: 19414 bytes
(epstopdf)             Output file: <Figures/BubblerDissociationBig-eps-convert
ed-to.pdf>
(epstopdf)                    date: 2016-03-18 15:01:46
(epstopdf)                    size: 8803 bytes
(epstopdf)             Command: <repstopdf --outfile=Figures/BubblerDissociatio
nBig-eps-converted-to.pdf Figures/BubblerDissociationBig.eps>
(epstopdf)             \includegraphics on input line 443.
Package epstopdf Info: Output file is already uptodate.

<Figures/BubblerDissociationBig-eps-converted-to.pdf, id=792, 803.0pt x 420.571
24pt>
File: Figures/BubblerDissociationBig-eps-converted-to.pdf Graphic file (type pd
f)
 <use Figures/BubblerDissociationBig-eps-converted-to.pdf>
Package pdftex.def Info: Figures/BubblerDissociationBig-eps-converted-to.pdf us
ed on input line 443.
(pdftex.def)             Requested size: 430.00462pt x 225.21837pt.
 [16] [17 <./Figures/BubblerVariationBig-eps-converted-to.pdf>]
<Figures/OHSpatialwithSimReal.jpg, id=808, 587.5551pt x 508.7808pt>
File: Figures/OHSpatialwithSimReal.jpg Graphic file (type jpg)

<use Figures/OHSpatialwithSimReal.jpg>
Package pdftex.def Info: Figures/OHSpatialwithSimReal.jpg used on input line 45
3.
(pdftex.def)             Requested size: 430.00462pt x 372.36179pt.
Package epstopdf Info: Source file: <Figures/OHDecayBig.eps>
(epstopdf)                    date: 2016-03-20 18:55:17
(epstopdf)                    size: 90035 bytes
(epstopdf)             Output file: <Figures/OHDecayBig-eps-converted-to.pdf>
(epstopdf)                    date: 2016-03-20 18:55:34
(epstopdf)                    size: 10156 bytes
(epstopdf)             Command: <repstopdf --outfile=Figures/OHDecayBig-eps-con
verted-to.pdf Figures/OHDecayBig.eps>
(epstopdf)             \includegraphics on input line 460.
Package epstopdf Info: Output file is already uptodate.

<Figures/OHDecayBig-eps-converted-to.pdf, id=809, 803.0pt x 372.39125pt>
File: Figures/OHDecayBig-eps-converted-to.pdf Graphic file (type pdf)

<use Figures/OHDecayBig-eps-converted-to.pdf>
Package pdftex.def Info: Figures/OHDecayBig-eps-converted-to.pdf used on input 
line 460.
(pdftex.def)             Requested size: 430.00462pt x 199.4177pt.
 [18 <./Figures/BubblerDissociationBig-eps-converted-to.pdf>] [19 <./Figures/OH
SpatialwithSimReal.jpg>] [20 <./Figures/OHDecayBig-eps-converted-to.pdf>] [21] 
[22] [23] [24]
(./plasma-report.bbl [25]
Missing character: There is no â in font cmr10!
Missing character: There is no € in font cmr10!
Missing character: There is no “ in font cmr10!
 [26]) [27] (./plasma-report.aux) ) 
Here is how much of TeX's memory you used:
 4166 strings out of 493089
 62973 string characters out of 6134843
 128976 words of memory out of 5000000
 7560 multiletter control sequences out of 15000+600000
 14942 words of font info for 58 fonts, out of 8000000 for 9000
 1141 hyphenation exceptions out of 8191
 38i,8n,38p,746b,462s stack positions out of 5000i,500n,10000p,200000b,80000s
</usr/local/texlive/2015/texmf-dist/fonts/ty
pe1/public/amsfonts/cm/cmbx10.pfb></usr/local/texlive/2015/texmf-dist/fonts/typ
e1/public/amsfonts/cm/cmbx12.pfb></usr/local/texlive/2015/texmf-dist/fonts/type
1/public/amsfonts/cm/cmmi10.pfb></usr/local/texlive/2015/texmf-dist/fonts/type1
/public/amsfonts/cm/cmmi6.pfb></usr/local/texlive/2015/texmf-dist/fonts/type1/p
ublic/amsfonts/cm/cmmi7.pfb></usr/local/texlive/2015/texmf-dist/fonts/type1/pub
lic/amsfonts/cm/cmmi8.pfb></usr/local/texlive/2015/texmf-dist/fonts/type1/publi
c/amsfonts/cm/cmr10.pfb></usr/local/texlive/2015/texmf-dist/fonts/type1/public/
amsfonts/cm/cmr12.pfb></usr/local/texlive/2015/texmf-dist/fonts/type1/public/am
sfonts/cm/cmr17.pfb></usr/local/texlive/2015/texmf-dist/fonts/type1/public/amsf
onts/cm/cmr6.pfb></usr/local/texlive/2015/texmf-dist/fonts/type1/public/amsfont
s/cm/cmr8.pfb></usr/local/texlive/2015/texmf-dist/fonts/type1/public/amsfonts/c
m/cmr9.pfb></usr/local/texlive/2015/texmf-dist/fonts/type1/public/amsfonts/cm/c
msy10.pfb></usr/local/texlive/2015/texmf-dist/fonts/type1/public/amsfonts/cm/cm
sy8.pfb></usr/local/texlive/2015/texmf-dist/fonts/type1/public/amsfonts/cm/cmti
10.pfb>
Output written on plasma-report.pdf (27 pages, 4131276 bytes).
PDF statistics:
 906 PDF objects out of 1000 (max. 8388607)
 536 compressed objects within 6 object streams
 0 named destinations out of 1000 (max. 500000)
 81 words of extra memory for PDF output out of 10000 (max. 10000000)

